# JRE version: OpenJDK Runtime Environment (11.0.10) (build 11.0.10+0-b96-7249189)
# Java VM: OpenJDK 64-Bit Server VM (11.0.10+0-b96-7249189, mixed mode, tiered, compressed oops, g1 gc, windows-amd64)
Heap:
 garbage-first heap   total 828416K, used 231936K [0x00000000a0000000, 0x0000000100000000)
  region size 1024K, 5 young (5120K), 5 survivors (5120K)
 Metaspace       used 75240K, capacity 76943K, committed 77184K, reserved 1116160K
  class space    used 9740K, capacity 10325K, committed 10368K, reserved 1048576K
GC Heap History (20 events):
Event: 15.568 GC heap after
{Heap after GC invocations=24 (full 0):
 garbage-first heap   total 143360K, used 117098K [0x00000000a0000000, 0x0000000100000000)
  region size 1024K, 2 young (2048K), 2 survivors (2048K)
 Metaspace       used 72778K, capacity 74442K, committed 74752K, reserved 1114112K
  class space    used 9317K, capacity 9898K, committed 9984K, reserved 1048576K
}
Event: 15.601 GC heap before
{Heap before GC invocations=25 (full 0):
 garbage-first heap   total 143360K, used 122218K [0x00000000a0000000, 0x0000000100000000)
  region size 1024K, 8 young (8192K), 2 survivors (2048K)
 Metaspace       used 72781K, capacity 74442K, committed 74752K, reserved 1114112K
  class space    used 9317K, capacity 9898K, committed 9984K, reserved 1048576K
}
Event: 15.608 GC heap after
{Heap after GC invocations=26 (full 0):
 garbage-first heap   total 143360K, used 119615K [0x00000000a0000000, 0x0000000100000000)
  region size 1024K, 1 young (1024K), 1 survivors (1024K)
 Metaspace       used 72781K, capacity 74442K, committed 74752K, reserved 1114112K
  class space    used 9317K, capacity 9898K, committed 9984K, reserved 1048576K
}
Event: 15.644 GC heap before
{Heap before GC invocations=26 (full 0):
 garbage-first heap   total 143360K, used 124735K [0x00000000a0000000, 0x0000000100000000)
  region size 1024K, 7 young (7168K), 1 survivors (1024K)
 Metaspace       used 72782K, capacity 74442K, committed 74752K, reserved 1114112K
  class space    used 9317K, capacity 9898K, committed 9984K, reserved 1048576K
}
Event: 15.652 GC heap after
{Heap after GC invocations=27 (full 0):
 garbage-first heap   total 172032K, used 121856K [0x00000000a0000000, 0x0000000100000000)
  region size 1024K, 1 young (1024K), 1 survivors (1024K)
 Metaspace       used 72782K, capacity 74442K, committed 74752K, reserved 1114112K
  class space    used 9317K, capacity 9898K, committed 9984K, reserved 1048576K
}
Event: 15.756 GC heap before
{Heap before GC invocations=27 (full 0):
 garbage-first heap   total 172032K, used 135168K [0x00000000a0000000, 0x0000000100000000)
  region size 1024K, 14 young (14336K), 1 survivors (1024K)
 Metaspace       used 72799K, capacity 74442K, committed 74752K, reserved 1114112K
  class space    used 9318K, capacity 9898K, committed 9984K, reserved 1048576K
}
Event: 15.766 GC heap after
{Heap after GC invocations=28 (full 0):
 garbage-first heap   total 172032K, used 127223K [0x00000000a0000000, 0x0000000100000000)
  region size 1024K, 2 young (2048K), 2 survivors (2048K)
 Metaspace       used 72799K, capacity 74442K, committed 74752K, reserved 1114112K
  class space    used 9318K, capacity 9898K, committed 9984K, reserved 1048576K
}
Event: 15.845 GC heap before
{Heap before GC invocations=28 (full 0):
 garbage-first heap   total 172032K, used 139511K [0x00000000a0000000, 0x0000000100000000)
  region size 1024K, 13 young (13312K), 2 survivors (2048K)
 Metaspace       used 72804K, capacity 74442K, committed 74752K, reserved 1114112K
  class space    used 9318K, capacity 9898K, committed 9984K, reserved 1048576K
}
Event: 15.860 GC heap after
{Heap after GC invocations=29 (full 0):
 garbage-first heap   total 172032K, used 133633K [0x00000000a0000000, 0x0000000100000000)
  region size 1024K, 2 young (2048K), 2 survivors (2048K)
 Metaspace       used 72804K, capacity 74442K, committed 74752K, reserved 1114112K
  class space    used 9318K, capacity 9898K, committed 9984K, reserved 1048576K
}
Event: 15.914 GC heap before
{Heap before GC invocations=30 (full 0):
 garbage-first heap   total 172032K, used 141825K [0x00000000a0000000, 0x0000000100000000)
  region size 1024K, 11 young (11264K), 2 survivors (2048K)
 Metaspace       used 72806K, capacity 74442K, committed 74752K, reserved 1114112K
  class space    used 9318K, capacity 9898K, committed 9984K, reserved 1048576K
}
Event: 15.927 GC heap after
{Heap after GC invocations=31 (full 0):
 garbage-first heap   total 172032K, used 137966K [0x00000000a0000000, 0x0000000100000000)
  region size 1024K, 2 young (2048K), 2 survivors (2048K)
 Metaspace       used 72806K, capacity 74442K, committed 74752K, reserved 1114112K
  class space    used 9318K, capacity 9898K, committed 9984K, reserved 1048576K
}
Event: 15.957 GC heap before
{Heap before GC invocations=31 (full 0):
 garbage-first heap   total 172032K, used 144110K [0x00000000a0000000, 0x0000000100000000)
  region size 1024K, 9 young (9216K), 2 survivors (2048K)
 Metaspace       used 72807K, capacity 74442K, committed 74752K, reserved 1114112K
  class space    used 9318K, capacity 9898K, committed 9984K, reserved 1048576K
}
Event: 15.971 GC heap after
{Heap after GC invocations=32 (full 0):
 garbage-first heap   total 331776K, used 141265K [0x00000000a0000000, 0x0000000100000000)
  region size 1024K, 2 young (2048K), 2 survivors (2048K)
 Metaspace       used 72807K, capacity 74442K, committed 74752K, reserved 1114112K
  class space    used 9318K, capacity 9898K, committed 9984K, reserved 1048576K
}
Event: 16.493 GC heap before
{Heap before GC invocations=33 (full 0):
 garbage-first heap   total 331776K, used 196561K [0x00000000a0000000, 0x0000000100000000)
  region size 1024K, 57 young (58368K), 2 survivors (2048K)
 Metaspace       used 74366K, capacity 76066K, committed 76416K, reserved 1116160K
  class space    used 9624K, capacity 10228K, committed 10368K, reserved 1048576K
}
Event: 16.551 GC heap after
{Heap after GC invocations=34 (full 0):
 garbage-first heap   total 331776K, used 165089K [0x00000000a0000000, 0x0000000100000000)
  region size 1024K, 8 young (8192K), 8 survivors (8192K)
 Metaspace       used 74366K, capacity 76066K, committed 76416K, reserved 1116160K
  class space    used 9624K, capacity 10228K, committed 10368K, reserved 1048576K
}
Event: 16.740 GC heap before
{Heap before GC invocations=34 (full 0):
 garbage-first heap   total 331776K, used 215265K [0x00000000a0000000, 0x0000000100000000)
  region size 1024K, 58 young (59392K), 8 survivors (8192K)
 Metaspace       used 74486K, capacity 76266K, committed 76416K, reserved 1116160K
  class space    used 9624K, capacity 10228K, committed 10368K, reserved 1048576K
}
Event: 16.792 GC heap after
{Heap after GC invocations=35 (full 0):
 garbage-first heap   total 331776K, used 193179K [0x00000000a0000000, 0x0000000100000000)
  region size 1024K, 8 young (8192K), 8 survivors (8192K)
 Metaspace       used 74486K, capacity 76266K, committed 76416K, reserved 1116160K
  class space    used 9624K, capacity 10228K, committed 10368K, reserved 1048576K
}
Event: 17.272 GC heap before
{Heap before GC invocations=35 (full 0):
 garbage-first heap   total 331776K, used 234139K [0x00000000a0000000, 0x0000000100000000)
  region size 1024K, 49 young (50176K), 8 survivors (8192K)
 Metaspace       used 74526K, capacity 76267K, committed 76416K, reserved 1116160K
  class space    used 9626K, capacity 10228K, committed 10368K, reserved 1048576K
}
Event: 17.313 GC heap after
{Heap after GC invocations=36 (full 0):
 garbage-first heap   total 331776K, used 217600K [0x00000000a0000000, 0x0000000100000000)
  region size 1024K, 7 young (7168K), 7 survivors (7168K)
 Metaspace       used 74526K, capacity 76267K, committed 76416K, reserved 1116160K
  class space    used 9626K, capacity 10228K, committed 10368K, reserved 1048576K
}
Event: 17.516 GC heap before
{Heap before GC invocations=37 (full 0):
 garbage-first heap   total 331776K, used 249344K [0x00000000a0000000, 0x0000000100000000)
  region size 1024K, 39 young (39936K), 7 survivors (7168K)
 Metaspace       used 75240K, capacity 76943K, committed 77184K, reserved 1116160K
  class space    used 9740K, capacity 10325K, committed 10368K, reserved 1048576K
}

