# JRE version: OpenJDK Runtime Environment (11.0.10) (build 11.0.10+0-b96-7249189)
# Java VM: OpenJDK 64-Bit Server VM (11.0.10+0-b96-7249189, mixed mode, tiered, compressed oops, g1 gc, windows-amd64)
Heap:
 garbage-first heap   total 863232K, used 237418K [0x00000000a0000000, 0x0000000100000000)
  region size 1024K, 3 young (3072K), 3 survivors (3072K)
 Metaspace       used 92695K, capacity 95013K, committed 95232K, reserved 1132544K
  class space    used 11664K, capacity 12457K, committed 12544K, reserved 1048576K
GC Heap History (20 events):
Event: 90.425 GC heap after
{Heap after GC invocations=42 (full 0):
 garbage-first heap   total 141312K, used 133588K [0x00000000a0000000, 0x0000000100000000)
  region size 1024K, 1 young (1024K), 1 survivors (1024K)
 Metaspace       used 89815K, capacity 92006K, committed 92160K, reserved 1130496K
  class space    used 11193K, capacity 11947K, committed 12032K, reserved 1048576K
}
Event: 90.472 GC heap before
{Heap before GC invocations=42 (full 0):
 garbage-first heap   total 141312K, used 138708K [0x00000000a0000000, 0x0000000100000000)
  region size 1024K, 6 young (6144K), 1 survivors (1024K)
 Metaspace       used 89799K, capacity 91979K, committed 92160K, reserved 1130496K
  class space    used 11189K, capacity 11940K, committed 12032K, reserved 1048576K
}
Event: 90.479 GC heap after
{Heap after GC invocations=43 (full 0):
 garbage-first heap   total 142336K, used 135953K [0x00000000a0000000, 0x0000000100000000)
  region size 1024K, 1 young (1024K), 1 survivors (1024K)
 Metaspace       used 89799K, capacity 91979K, committed 92160K, reserved 1130496K
  class space    used 11189K, capacity 11940K, committed 12032K, reserved 1048576K
}
Event: 90.514 GC heap before
{Heap before GC invocations=43 (full 0):
 garbage-first heap   total 142336K, used 140049K [0x00000000a0000000, 0x0000000100000000)
  region size 1024K, 6 young (6144K), 1 survivors (1024K)
 Metaspace       used 89799K, capacity 91979K, committed 92160K, reserved 1130496K
  class space    used 11189K, capacity 11940K, committed 12032K, reserved 1048576K
}
Event: 90.523 GC heap after
{Heap after GC invocations=44 (full 0):
 garbage-first heap   total 187392K, used 138568K [0x00000000a0000000, 0x0000000100000000)
  region size 1024K, 1 young (1024K), 1 survivors (1024K)
 Metaspace       used 89799K, capacity 91979K, committed 92160K, reserved 1130496K
  class space    used 11189K, capacity 11940K, committed 12032K, reserved 1048576K
}
Event: 90.589 GC heap before
{Heap before GC invocations=45 (full 0):
 garbage-first heap   total 187392K, used 147784K [0x00000000a0000000, 0x0000000100000000)
  region size 1024K, 12 young (12288K), 1 survivors (1024K)
 Metaspace       used 89813K, capacity 92043K, committed 92160K, reserved 1130496K
  class space    used 11191K, capacity 11940K, committed 12032K, reserved 1048576K
}
Event: 90.600 GC heap after
{Heap after GC invocations=46 (full 0):
 garbage-first heap   total 187392K, used 143356K [0x00000000a0000000, 0x0000000100000000)
  region size 1024K, 2 young (2048K), 2 survivors (2048K)
 Metaspace       used 89813K, capacity 92043K, committed 92160K, reserved 1130496K
  class space    used 11191K, capacity 11940K, committed 12032K, reserved 1048576K
}
Event: 90.698 GC heap before
{Heap before GC invocations=46 (full 0):
 garbage-first heap   total 187392K, used 156668K [0x00000000a0000000, 0x0000000100000000)
  region size 1024K, 13 young (13312K), 2 survivors (2048K)
 Metaspace       used 89817K, capacity 92043K, committed 92160K, reserved 1130496K
  class space    used 11191K, capacity 11940K, committed 12032K, reserved 1048576K
}
Event: 90.715 GC heap after
{Heap after GC invocations=47 (full 0):
 garbage-first heap   total 187392K, used 151632K [0x00000000a0000000, 0x0000000100000000)
  region size 1024K, 2 young (2048K), 2 survivors (2048K)
 Metaspace       used 89817K, capacity 92043K, committed 92160K, reserved 1130496K
  class space    used 11191K, capacity 11940K, committed 12032K, reserved 1048576K
}
Event: 90.757 GC heap before
{Heap before GC invocations=47 (full 0):
 garbage-first heap   total 187392K, used 158800K [0x00000000a0000000, 0x0000000100000000)
  region size 1024K, 9 young (9216K), 2 survivors (2048K)
 Metaspace       used 89817K, capacity 92043K, committed 92160K, reserved 1130496K
  class space    used 11191K, capacity 11940K, committed 12032K, reserved 1048576K
}
Event: 90.768 GC heap after
{Heap after GC invocations=48 (full 0):
 garbage-first heap   total 187392K, used 155193K [0x00000000a0000000, 0x0000000100000000)
  region size 1024K, 2 young (2048K), 2 survivors (2048K)
 Metaspace       used 89817K, capacity 92043K, committed 92160K, reserved 1130496K
  class space    used 11191K, capacity 11940K, committed 12032K, reserved 1048576K
}
Event: 90.811 GC heap before
{Heap before GC invocations=48 (full 0):
 garbage-first heap   total 187392K, used 162361K [0x00000000a0000000, 0x0000000100000000)
  region size 1024K, 9 young (9216K), 2 survivors (2048K)
 Metaspace       used 89817K, capacity 92043K, committed 92160K, reserved 1130496K
  class space    used 11191K, capacity 11940K, committed 12032K, reserved 1048576K
}
Event: 90.832 GC heap after
{Heap after GC invocations=49 (full 0):
 garbage-first heap   total 390144K, used 158562K [0x00000000a0000000, 0x0000000100000000)
  region size 1024K, 2 young (2048K), 2 survivors (2048K)
 Metaspace       used 89817K, capacity 92043K, committed 92160K, reserved 1130496K
  class space    used 11191K, capacity 11940K, committed 12032K, reserved 1048576K
}
Event: 91.274 GC heap before
{Heap before GC invocations=50 (full 0):
 garbage-first heap   total 390144K, used 237410K [0x00000000a0000000, 0x0000000100000000)
  region size 1024K, 79 young (80896K), 2 survivors (2048K)
 Metaspace       used 91409K, capacity 93702K, committed 93952K, reserved 1130496K
  class space    used 11481K, capacity 12256K, committed 12288K, reserved 1048576K
}
Event: 91.340 GC heap after
{Heap after GC invocations=51 (full 0):
 garbage-first heap   total 390144K, used 200692K [0x00000000a0000000, 0x0000000100000000)
  region size 1024K, 10 young (10240K), 10 survivors (10240K)
 Metaspace       used 91409K, capacity 93702K, committed 93952K, reserved 1130496K
  class space    used 11481K, capacity 12256K, committed 12288K, reserved 1048576K
}
Event: 91.661 GC heap before
{Heap before GC invocations=51 (full 0):
 garbage-first heap   total 390144K, used 262132K [0x00000000a0000000, 0x0000000100000000)
  region size 1024K, 70 young (71680K), 10 survivors (10240K)
 Metaspace       used 92228K, capacity 94487K, committed 94592K, reserved 1132544K
  class space    used 11604K, capacity 12369K, committed 12416K, reserved 1048576K
}
Event: 91.719 GC heap after
{Heap after GC invocations=52 (full 0):
 garbage-first heap   total 390144K, used 236544K [0x00000000a0000000, 0x0000000100000000)
  region size 1024K, 9 young (9216K), 9 survivors (9216K)
 Metaspace       used 92228K, capacity 94487K, committed 94592K, reserved 1132544K
  class space    used 11604K, capacity 12369K, committed 12416K, reserved 1048576K
}
Event: 92.606 GC heap before
{Heap before GC invocations=53 (full 0):
 garbage-first heap   total 390144K, used 271360K [0x00000000a0000000, 0x0000000100000000)
  region size 1024K, 55 young (56320K), 9 survivors (9216K)
 Metaspace       used 92604K, capacity 94880K, committed 95104K, reserved 1132544K
  class space    used 11651K, capacity 12413K, committed 12416K, reserved 1048576K
}
Event: 92.652 GC heap after
{Heap after GC invocations=54 (full 0):
 garbage-first heap   total 390144K, used 237568K [0x00000000a0000000, 0x0000000100000000)
  region size 1024K, 7 young (7168K), 7 survivors (7168K)
 Metaspace       used 92604K, capacity 94880K, committed 95104K, reserved 1132544K
  class space    used 11651K, capacity 12413K, committed 12416K, reserved 1048576K
}
Event: 92.727 GC heap before
{Heap before GC invocations=54 (full 0):
 garbage-first heap   total 390144K, used 249856K [0x00000000a0000000, 0x0000000100000000)
  region size 1024K, 19 young (19456K), 7 survivors (7168K)
 Metaspace       used 92695K, capacity 95013K, committed 95232K, reserved 1132544K
  class space    used 11664K, capacity 12457K, committed 12544K, reserved 1048576K
}

