# JRE version: OpenJDK Runtime Environment (11.0.10) (build 11.0.10+0-b96-7249189)
# Java VM: OpenJDK 64-Bit Server VM (11.0.10+0-b96-7249189, mixed mode, tiered, compressed oops, g1 gc, windows-amd64)
Heap:
 garbage-first heap   total 552960K, used 154360K [0x00000000a0000000, 0x0000000100000000)
  region size 1024K, 15 young (15360K), 7 survivors (7168K)
 Metaspace       used 95907K, capacity 98292K, committed 98552K, reserved 1134592K
  class space    used 12135K, capacity 12978K, committed 13048K, reserved 1048576K
GC Heap History (20 events):
Event: 17.096 GC heap before
{Heap before GC invocations=36 (full 0):
 garbage-first heap   total 297984K, used 234841K [0x00000000a0000000, 0x0000000100000000)
  region size 1024K, 23 young (23552K), 4 survivors (4096K)
 Metaspace       used 86940K, capacity 88957K, committed 89464K, reserved 1126400K
  class space    used 11259K, capacity 11991K, committed 12152K, reserved 1048576K
}
Event: 17.112 GC heap after
{Heap after GC invocations=37 (full 0):
 garbage-first heap   total 297984K, used 229376K [0x00000000a0000000, 0x0000000100000000)
  region size 1024K, 3 young (3072K), 3 survivors (3072K)
 Metaspace       used 86940K, capacity 88957K, committed 89464K, reserved 1126400K
  class space    used 11259K, capacity 11991K, committed 12152K, reserved 1048576K
}
Event: 17.307 GC heap before
{Heap before GC invocations=37 (full 0):
 garbage-first heap   total 297984K, used 243712K [0x00000000a0000000, 0x0000000100000000)
  region size 1024K, 18 young (18432K), 3 survivors (3072K)
 Metaspace       used 87044K, capacity 89025K, committed 89464K, reserved 1126400K
  class space    used 11261K, capacity 11991K, committed 12152K, reserved 1048576K
}
Event: 17.338 GC heap after
{Heap after GC invocations=38 (full 0):
 garbage-first heap   total 552960K, used 239251K [0x00000000a0000000, 0x0000000100000000)
  region size 1024K, 3 young (3072K), 3 survivors (3072K)
 Metaspace       used 87044K, capacity 89025K, committed 89464K, reserved 1126400K
  class space    used 11261K, capacity 11991K, committed 12152K, reserved 1048576K
}
Event: 18.767 GC heap before
{Heap before GC invocations=39 (full 0):
 garbage-first heap   total 552960K, used 336531K [0x00000000a0000000, 0x0000000100000000)
  region size 1024K, 88 young (90112K), 3 survivors (3072K)
 Metaspace       used 87126K, capacity 89157K, committed 89464K, reserved 1126400K
  class space    used 11261K, capacity 11991K, committed 12152K, reserved 1048576K
}
Event: 18.795 GC heap after
{Heap after GC invocations=40 (full 0):
 garbage-first heap   total 552960K, used 260612K [0x00000000a0000000, 0x0000000100000000)
  region size 1024K, 12 young (12288K), 12 survivors (12288K)
 Metaspace       used 87126K, capacity 89157K, committed 89464K, reserved 1126400K
  class space    used 11261K, capacity 11991K, committed 12152K, reserved 1048576K
}
Event: 19.401 GC heap before
{Heap before GC invocations=41 (full 0):
 garbage-first heap   total 552960K, used 369156K [0x00000000a0000000, 0x0000000100000000)
  region size 1024K, 105 young (107520K), 12 survivors (12288K)
 Metaspace       used 87296K, capacity 89317K, committed 89720K, reserved 1126400K
  class space    used 11261K, capacity 11991K, committed 12152K, reserved 1048576K
}
Event: 19.430 GC heap after
{Heap after GC invocations=42 (full 0):
 garbage-first heap   total 552960K, used 287147K [0x00000000a0000000, 0x0000000100000000)
  region size 1024K, 14 young (14336K), 14 survivors (14336K)
 Metaspace       used 87296K, capacity 89317K, committed 89720K, reserved 1126400K
  class space    used 11261K, capacity 11991K, committed 12152K, reserved 1048576K
}
Event: 19.452 GC heap before
{Heap before GC invocations=42 (full 0):
 garbage-first heap   total 552960K, used 301483K [0x00000000a0000000, 0x0000000100000000)
  region size 1024K, 27 young (27648K), 14 survivors (14336K)
 Metaspace       used 87299K, capacity 89317K, committed 89720K, reserved 1126400K
  class space    used 11261K, capacity 11991K, committed 12152K, reserved 1048576K
}
Event: 19.465 GC heap after
{Heap after GC invocations=43 (full 0):
 garbage-first heap   total 552960K, used 285559K [0x00000000a0000000, 0x0000000100000000)
  region size 1024K, 3 young (3072K), 3 survivors (3072K)
 Metaspace       used 87299K, capacity 89317K, committed 89720K, reserved 1126400K
  class space    used 11261K, capacity 11991K, committed 12152K, reserved 1048576K
}
Event: 19.491 GC heap before
{Heap before GC invocations=43 (full 0):
 garbage-first heap   total 552960K, used 307063K [0x00000000a0000000, 0x0000000100000000)
  region size 1024K, 25 young (25600K), 3 survivors (3072K)
 Metaspace       used 87310K, capacity 89321K, committed 89720K, reserved 1126400K
  class space    used 11261K, capacity 11991K, committed 12152K, reserved 1048576K
}
Event: 19.497 GC heap after
{Heap after GC invocations=44 (full 0):
 garbage-first heap   total 552960K, used 288103K [0x00000000a0000000, 0x0000000100000000)
  region size 1024K, 5 young (5120K), 5 survivors (5120K)
 Metaspace       used 87310K, capacity 89321K, committed 89720K, reserved 1126400K
  class space    used 11261K, capacity 11991K, committed 12152K, reserved 1048576K
}
Event: 107.192 GC heap before
{Heap before GC invocations=45 (full 0):
 garbage-first heap   total 552960K, used 403815K [0x00000000a0000000, 0x0000000100000000)
  region size 1024K, 106 young (108544K), 5 survivors (5120K)
 Metaspace       used 92943K, capacity 95219K, committed 95352K, reserved 1132544K
  class space    used 11857K, capacity 12635K, committed 12664K, reserved 1048576K
}
Event: 107.200 GC heap after
{Heap after GC invocations=46 (full 0):
 garbage-first heap   total 552960K, used 293240K [0x00000000a0000000, 0x0000000100000000)
  region size 1024K, 9 young (9216K), 9 survivors (9216K)
 Metaspace       used 92943K, capacity 95219K, committed 95352K, reserved 1132544K
  class space    used 11857K, capacity 12635K, committed 12664K, reserved 1048576K
}
Event: 107.544 GC heap before
{Heap before GC invocations=46 (full 0):
 garbage-first heap   total 552960K, used 310648K [0x00000000a0000000, 0x0000000100000000)
  region size 1024K, 27 young (27648K), 9 survivors (9216K)
 Metaspace       used 93328K, capacity 95588K, committed 95864K, reserved 1132544K
  class space    used 11861K, capacity 12642K, committed 12664K, reserved 1048576K
}
Event: 107.560 GC heap after
{Heap after GC invocations=47 (full 0):
 garbage-first heap   total 552960K, used 290688K [0x00000000a0000000, 0x0000000100000000)
  region size 1024K, 3 young (3072K), 3 survivors (3072K)
 Metaspace       used 93328K, capacity 95588K, committed 95864K, reserved 1132544K
  class space    used 11861K, capacity 12642K, committed 12664K, reserved 1048576K
}
Event: 108.192 GC heap before
{Heap before GC invocations=47 (full 0):
 garbage-first heap   total 552960K, used 342912K [0x00000000a0000000, 0x0000000100000000)
  region size 1024K, 56 young (57344K), 3 survivors (3072K)
 Metaspace       used 93448K, capacity 95726K, committed 95864K, reserved 1132544K
  class space    used 11863K, capacity 12644K, committed 12664K, reserved 1048576K
}
Event: 108.204 GC heap after
{Heap after GC invocations=48 (full 0):
 garbage-first heap   total 552960K, used 293252K [0x00000000a0000000, 0x0000000100000000)
  region size 1024K, 6 young (6144K), 6 survivors (6144K)
 Metaspace       used 93448K, capacity 95726K, committed 95864K, reserved 1132544K
  class space    used 11863K, capacity 12644K, committed 12664K, reserved 1048576K
}
Event: 109.510 GC heap before
{Heap before GC invocations=49 (full 0):
 garbage-first heap   total 552960K, used 259460K [0x00000000a0000000, 0x0000000100000000)
  region size 1024K, 118 young (120832K), 6 survivors (6144K)
 Metaspace       used 94973K, capacity 97251K, committed 97272K, reserved 1134592K
  class space    used 11992K, capacity 12779K, committed 12792K, reserved 1048576K
}
Event: 109.519 GC heap after
{Heap after GC invocations=50 (full 0):
 garbage-first heap   total 552960K, used 146168K [0x00000000a0000000, 0x0000000100000000)
  region size 1024K, 7 young (7168K), 7 survivors (7168K)
 Metaspace       used 94973K, capacity 97251K, committed 97272K, reserved 1134592K
  class space    used 11992K, capacity 12779K, committed 12792K, reserved 1048576K
}

