# JRE version: OpenJDK Runtime Environment (11.0.10) (build 11.0.10+0-b96-7249189)
# Java VM: OpenJDK 64-Bit Server VM (11.0.10+0-b96-7249189, mixed mode, tiered, compressed oops, g1 gc, windows-amd64)
Heap:
 garbage-first heap   total 780288K, used 283648K [0x00000000a0000000, 0x0000000100000000)
  region size 1024K, 10 young (10240K), 10 survivors (10240K)
 Metaspace       used 114639K, capacity 118375K, committed 119032K, reserved 1153024K
  class space    used 13945K, capacity 15174K, committed 15352K, reserved 1048576K
GC Heap History (20 events):
Event: 6707.603 GC heap after
{Heap after GC invocations=291 (full 0):
 garbage-first heap   total 189440K, used 131251K [0x00000000a0000000, 0x0000000100000000)
  region size 1024K, 2 young (2048K), 2 survivors (2048K)
 Metaspace       used 114170K, capacity 117825K, committed 118520K, reserved 1153024K
  class space    used 13923K, capacity 15167K, committed 15352K, reserved 1048576K
}
Event: 6707.778 GC heap before
{Heap before GC invocations=291 (full 0):
 garbage-first heap   total 189440K, used 149683K [0x00000000a0000000, 0x0000000100000000)
  region size 1024K, 21 young (21504K), 2 survivors (2048K)
 Metaspace       used 114354K, capacity 118121K, committed 118776K, reserved 1153024K
  class space    used 13940K, capacity 15177K, committed 15352K, reserved 1048576K
}
Event: 6707.830 GC heap after
{Heap after GC invocations=292 (full 0):
 garbage-first heap   total 232448K, used 133134K [0x00000000a0000000, 0x0000000100000000)
  region size 1024K, 3 young (3072K), 3 survivors (3072K)
 Metaspace       used 114354K, capacity 118121K, committed 118776K, reserved 1153024K
  class space    used 13940K, capacity 15177K, committed 15352K, reserved 1048576K
}
Event: 6708.318 GC heap before
{Heap before GC invocations=293 (full 0):
 garbage-first heap   total 232448K, used 179214K [0x00000000a0000000, 0x0000000100000000)
  region size 1024K, 38 young (38912K), 3 survivors (3072K)
 Metaspace       used 114404K, capacity 118140K, committed 118776K, reserved 1153024K
  class space    used 13945K, capacity 15180K, committed 15352K, reserved 1048576K
}
Event: 6708.332 GC heap after
{Heap after GC invocations=294 (full 0):
 garbage-first heap   total 232448K, used 152304K [0x00000000a0000000, 0x0000000100000000)
  region size 1024K, 5 young (5120K), 5 survivors (5120K)
 Metaspace       used 114404K, capacity 118140K, committed 118776K, reserved 1153024K
  class space    used 13945K, capacity 15180K, committed 15352K, reserved 1048576K
}
Event: 6708.339 GC heap before
{Heap before GC invocations=294 (full 0):
 garbage-first heap   total 232448K, used 163568K [0x00000000a0000000, 0x0000000100000000)
  region size 1024K, 11 young (11264K), 5 survivors (5120K)
 Metaspace       used 114404K, capacity 118140K, committed 118776K, reserved 1153024K
  class space    used 13945K, capacity 15180K, committed 15352K, reserved 1048576K
}
Event: 6708.357 GC heap after
{Heap after GC invocations=295 (full 0):
 garbage-first heap   total 232448K, used 145656K [0x00000000a0000000, 0x0000000100000000)
  region size 1024K, 2 young (2048K), 2 survivors (2048K)
 Metaspace       used 114404K, capacity 118140K, committed 118776K, reserved 1153024K
  class space    used 13945K, capacity 15180K, committed 15352K, reserved 1048576K
}
Event: 6708.358 GC heap before
{Heap before GC invocations=295 (full 0):
 garbage-first heap   total 232448K, used 145656K [0x00000000a0000000, 0x0000000100000000)
  region size 1024K, 3 young (3072K), 2 survivors (2048K)
 Metaspace       used 114404K, capacity 118140K, committed 118776K, reserved 1153024K
  class space    used 13945K, capacity 15180K, committed 15352K, reserved 1048576K
}
Event: 6708.362 GC heap after
{Heap after GC invocations=296 (full 0):
 garbage-first heap   total 232448K, used 145485K [0x00000000a0000000, 0x0000000100000000)
  region size 1024K, 2 young (2048K), 2 survivors (2048K)
 Metaspace       used 114404K, capacity 118140K, committed 118776K, reserved 1153024K
  class space    used 13945K, capacity 15180K, committed 15352K, reserved 1048576K
}
Event: 6708.458 GC heap before
{Heap before GC invocations=296 (full 0):
 garbage-first heap   total 232448K, used 181325K [0x00000000a0000000, 0x0000000100000000)
  region size 1024K, 26 young (26624K), 2 survivors (2048K)
 Metaspace       used 114404K, capacity 118140K, committed 118776K, reserved 1153024K
  class space    used 13945K, capacity 15180K, committed 15352K, reserved 1048576K
}
Event: 6708.467 GC heap after
{Heap after GC invocations=297 (full 0):
 garbage-first heap   total 232448K, used 160768K [0x00000000a0000000, 0x0000000100000000)
  region size 1024K, 4 young (4096K), 4 survivors (4096K)
 Metaspace       used 114404K, capacity 118140K, committed 118776K, reserved 1153024K
  class space    used 13945K, capacity 15180K, committed 15352K, reserved 1048576K
}
Event: 6708.767 GC heap before
{Heap before GC invocations=297 (full 0):
 garbage-first heap   total 232448K, used 177152K [0x00000000a0000000, 0x0000000100000000)
  region size 1024K, 24 young (24576K), 4 survivors (4096K)
 Metaspace       used 114393K, capacity 118119K, committed 118776K, reserved 1153024K
  class space    used 13942K, capacity 15174K, committed 15352K, reserved 1048576K
}
Event: 6708.815 GC heap after
{Heap after GC invocations=298 (full 0):
 garbage-first heap   total 464896K, used 165374K [0x00000000a0000000, 0x0000000100000000)
  region size 1024K, 3 young (3072K), 3 survivors (3072K)
 Metaspace       used 114393K, capacity 118119K, committed 118776K, reserved 1153024K
  class space    used 13942K, capacity 15174K, committed 15352K, reserved 1048576K
}
Event: 6709.526 GC heap before
{Heap before GC invocations=299 (full 0):
 garbage-first heap   total 464896K, used 265726K [0x00000000a0000000, 0x0000000100000000)
  region size 1024K, 99 young (101376K), 3 survivors (3072K)
 Metaspace       used 114548K, capacity 118311K, committed 119032K, reserved 1153024K
  class space    used 13943K, capacity 15174K, committed 15352K, reserved 1048576K
}
Event: 6709.590 GC heap after
{Heap after GC invocations=300 (full 0):
 garbage-first heap   total 464896K, used 202088K [0x00000000a0000000, 0x0000000100000000)
  region size 1024K, 13 young (13312K), 13 survivors (13312K)
 Metaspace       used 114548K, capacity 118311K, committed 119032K, reserved 1153024K
  class space    used 13943K, capacity 15174K, committed 15352K, reserved 1048576K
}
Event: 6709.635 GC heap before
{Heap before GC invocations=300 (full 0):
 garbage-first heap   total 464896K, used 211304K [0x00000000a0000000, 0x0000000100000000)
  region size 1024K, 22 young (22528K), 13 survivors (13312K)
 Metaspace       used 114562K, capacity 118311K, committed 119032K, reserved 1153024K
  class space    used 13943K, capacity 15174K, committed 15352K, reserved 1048576K
}
Event: 6709.681 GC heap after
{Heap after GC invocations=301 (full 0):
 garbage-first heap   total 464896K, used 204709K [0x00000000a0000000, 0x0000000100000000)
  region size 1024K, 3 young (3072K), 3 survivors (3072K)
 Metaspace       used 114562K, capacity 118311K, committed 119032K, reserved 1153024K
  class space    used 13943K, capacity 15174K, committed 15352K, reserved 1048576K
}
Event: 6710.043 GC heap before
{Heap before GC invocations=301 (full 0):
 garbage-first heap   total 464896K, used 296869K [0x00000000a0000000, 0x0000000100000000)
  region size 1024K, 93 young (95232K), 3 survivors (3072K)
 Metaspace       used 114590K, capacity 118311K, committed 119032K, reserved 1153024K
  class space    used 13943K, capacity 15174K, committed 15352K, reserved 1048576K
}
Event: 6710.113 GC heap after
{Heap after GC invocations=302 (full 0):
 garbage-first heap   total 464896K, used 255744K [0x00000000a0000000, 0x0000000100000000)
  region size 1024K, 12 young (12288K), 12 survivors (12288K)
 Metaspace       used 114590K, capacity 118311K, committed 119032K, reserved 1153024K
  class space    used 13943K, capacity 15174K, committed 15352K, reserved 1048576K
}
Event: 6711.109 GC heap before
{Heap before GC invocations=302 (full 0):
 garbage-first heap   total 464896K, used 320256K [0x00000000a0000000, 0x0000000100000000)
  region size 1024K, 79 young (80896K), 12 survivors (12288K)
 Metaspace       used 114639K, capacity 118375K, committed 119032K, reserved 1153024K
  class space    used 13945K, capacity 15174K, committed 15352K, reserved 1048576K
}

