# JRE version: OpenJDK Runtime Environment (11.0.10) (build 11.0.10+0-b96-7249189)
# Java VM: OpenJDK 64-Bit Server VM (11.0.10+0-b96-7249189, mixed mode, tiered, compressed oops, g1 gc, windows-amd64)
Heap:
 garbage-first heap   total 747520K, used 284608K [0x00000000a0000000, 0x0000000100000000)
  region size 1024K, 2 young (2048K), 2 survivors (2048K)
 Metaspace       used 87067K, capacity 89145K, committed 89336K, reserved 1126400K
  class space    used 11244K, capacity 11951K, committed 12024K, reserved 1048576K
GC Heap History (20 events):
Event: 16.371 GC heap after
{Heap after GC invocations=31 (full 0):
 garbage-first heap   total 211968K, used 160469K [0x00000000a0000000, 0x0000000100000000)
  region size 1024K, 4 young (4096K), 4 survivors (4096K)
 Metaspace       used 86464K, capacity 88511K, committed 88568K, reserved 1126400K
  class space    used 11257K, capacity 11982K, committed 12024K, reserved 1048576K
}
Event: 16.459 GC heap before
{Heap before GC invocations=31 (full 0):
 garbage-first heap   total 211968K, used 173781K [0x00000000a0000000, 0x0000000100000000)
  region size 1024K, 18 young (18432K), 4 survivors (4096K)
 Metaspace       used 86525K, capacity 88581K, committed 88824K, reserved 1126400K
  class space    used 11258K, capacity 11982K, committed 12024K, reserved 1048576K
}
Event: 16.476 GC heap after
{Heap after GC invocations=32 (full 0):
 garbage-first heap   total 211968K, used 169457K [0x00000000a0000000, 0x0000000100000000)
  region size 1024K, 3 young (3072K), 3 survivors (3072K)
 Metaspace       used 86525K, capacity 88581K, committed 88824K, reserved 1126400K
  class space    used 11258K, capacity 11982K, committed 12024K, reserved 1048576K
}
Event: 16.530 GC heap before
{Heap before GC invocations=32 (full 0):
 garbage-first heap   total 211968K, used 178673K [0x00000000a0000000, 0x0000000100000000)
  region size 1024K, 12 young (12288K), 3 survivors (3072K)
 Metaspace       used 86563K, capacity 88650K, committed 88824K, reserved 1126400K
  class space    used 11258K, capacity 11982K, committed 12024K, reserved 1048576K
}
Event: 16.540 GC heap after
{Heap after GC invocations=33 (full 0):
 garbage-first heap   total 276480K, used 175104K [0x00000000a0000000, 0x0000000100000000)
  region size 1024K, 2 young (2048K), 2 survivors (2048K)
 Metaspace       used 86563K, capacity 88650K, committed 88824K, reserved 1126400K
  class space    used 11258K, capacity 11982K, committed 12024K, reserved 1048576K
}
Event: 16.705 GC heap before
{Heap before GC invocations=33 (full 0):
 garbage-first heap   total 276480K, used 204800K [0x00000000a0000000, 0x0000000100000000)
  region size 1024K, 31 young (31744K), 2 survivors (2048K)
 Metaspace       used 86701K, capacity 88793K, committed 89080K, reserved 1126400K
  class space    used 11258K, capacity 11982K, committed 12024K, reserved 1048576K
}
Event: 16.722 GC heap after
{Heap after GC invocations=34 (full 0):
 garbage-first heap   total 276480K, used 191655K [0x00000000a0000000, 0x0000000100000000)
  region size 1024K, 4 young (4096K), 4 survivors (4096K)
 Metaspace       used 86701K, capacity 88793K, committed 89080K, reserved 1126400K
  class space    used 11258K, capacity 11982K, committed 12024K, reserved 1048576K
}
Event: 16.822 GC heap before
{Heap before GC invocations=34 (full 0):
 garbage-first heap   total 276480K, used 215207K [0x00000000a0000000, 0x0000000100000000)
  region size 1024K, 27 young (27648K), 4 survivors (4096K)
 Metaspace       used 86673K, capacity 88780K, committed 89080K, reserved 1126400K
  class space    used 11243K, capacity 11951K, committed 12024K, reserved 1048576K
}
Event: 16.841 GC heap after
{Heap after GC invocations=35 (full 0):
 garbage-first heap   total 276480K, used 206110K [0x00000000a0000000, 0x0000000100000000)
  region size 1024K, 4 young (4096K), 4 survivors (4096K)
 Metaspace       used 86673K, capacity 88780K, committed 89080K, reserved 1126400K
  class space    used 11243K, capacity 11951K, committed 12024K, reserved 1048576K
}
Event: 16.922 GC heap before
{Heap before GC invocations=35 (full 0):
 garbage-first heap   total 276480K, used 223518K [0x00000000a0000000, 0x0000000100000000)
  region size 1024K, 21 young (21504K), 4 survivors (4096K)
 Metaspace       used 86675K, capacity 88780K, committed 89080K, reserved 1126400K
  class space    used 11243K, capacity 11951K, committed 12024K, reserved 1048576K
}
Event: 16.943 GC heap after
{Heap after GC invocations=36 (full 0):
 garbage-first heap   total 276480K, used 218079K [0x00000000a0000000, 0x0000000100000000)
  region size 1024K, 3 young (3072K), 3 survivors (3072K)
 Metaspace       used 86675K, capacity 88780K, committed 89080K, reserved 1126400K
  class space    used 11243K, capacity 11951K, committed 12024K, reserved 1048576K
}
Event: 16.996 GC heap before
{Heap before GC invocations=37 (full 0):
 garbage-first heap   total 276480K, used 230367K [0x00000000a0000000, 0x0000000100000000)
  region size 1024K, 16 young (16384K), 3 survivors (3072K)
 Metaspace       used 86676K, capacity 88780K, committed 89080K, reserved 1126400K
  class space    used 11243K, capacity 11951K, committed 12024K, reserved 1048576K
}
Event: 17.025 GC heap after
{Heap after GC invocations=38 (full 0):
 garbage-first heap   total 514048K, used 226304K [0x00000000a0000000, 0x0000000100000000)
  region size 1024K, 2 young (2048K), 2 survivors (2048K)
 Metaspace       used 86676K, capacity 88780K, committed 89080K, reserved 1126400K
  class space    used 11243K, capacity 11951K, committed 12024K, reserved 1048576K
}
Event: 17.184 GC heap before
{Heap before GC invocations=38 (full 0):
 garbage-first heap   total 514048K, used 249856K [0x00000000a0000000, 0x0000000100000000)
  region size 1024K, 25 young (25600K), 2 survivors (2048K)
 Metaspace       used 86745K, capacity 88785K, committed 89080K, reserved 1126400K
  class space    used 11243K, capacity 11951K, committed 12024K, reserved 1048576K
}
Event: 17.207 GC heap after
{Heap after GC invocations=39 (full 0):
 garbage-first heap   total 514048K, used 242181K [0x00000000a0000000, 0x0000000100000000)
  region size 1024K, 4 young (4096K), 4 survivors (4096K)
 Metaspace       used 86745K, capacity 88785K, committed 89080K, reserved 1126400K
  class space    used 11243K, capacity 11951K, committed 12024K, reserved 1048576K
}
Event: 18.148 GC heap before
{Heap before GC invocations=39 (full 0):
 garbage-first heap   total 514048K, used 313861K [0x00000000a0000000, 0x0000000100000000)
  region size 1024K, 76 young (77824K), 4 survivors (4096K)
 Metaspace       used 86870K, capacity 88922K, committed 89080K, reserved 1126400K
  class space    used 11244K, capacity 11951K, committed 12024K, reserved 1048576K
}
Event: 18.187 GC heap after
{Heap after GC invocations=40 (full 0):
 garbage-first heap   total 514048K, used 254976K [0x00000000a0000000, 0x0000000100000000)
  region size 1024K, 10 young (10240K), 10 survivors (10240K)
 Metaspace       used 86870K, capacity 88922K, committed 89080K, reserved 1126400K
  class space    used 11244K, capacity 11951K, committed 12024K, reserved 1048576K
}
Event: 19.062 GC heap before
{Heap before GC invocations=41 (full 0):
 garbage-first heap   total 514048K, used 351232K [0x00000000a0000000, 0x0000000100000000)
  region size 1024K, 86 young (88064K), 10 survivors (10240K)
 Metaspace       used 87001K, capacity 89079K, committed 89336K, reserved 1126400K
  class space    used 11244K, capacity 11951K, committed 12024K, reserved 1048576K
}
Event: 19.104 GC heap after
{Heap after GC invocations=42 (full 0):
 garbage-first heap   total 514048K, used 289549K [0x00000000a0000000, 0x0000000100000000)
  region size 1024K, 11 young (11264K), 11 survivors (11264K)
 Metaspace       used 87001K, capacity 89079K, committed 89336K, reserved 1126400K
  class space    used 11244K, capacity 11951K, committed 12024K, reserved 1048576K
}
Event: 19.226 GC heap before
{Heap before GC invocations=42 (full 0):
 garbage-first heap   total 514048K, used 312077K [0x00000000a0000000, 0x0000000100000000)
  region size 1024K, 25 young (25600K), 11 survivors (11264K)
 Metaspace       used 87067K, capacity 89145K, committed 89336K, reserved 1126400K
  class space    used 11244K, capacity 11951K, committed 12024K, reserved 1048576K
}

